23/02/23 04:03:04 PM Thursday - <module> - INFO : Lunching Mobile emulator test
23/02/23 04:12:00 PM Thursday - <module> - INFO : Lunching Mobile emulator test
23/02/23 04:13:37 PM Thursday - <module> - INFO : Lunching Mobile emulator test
23/02/23 04:15:47 PM Thursday - <module> - INFO : Lunching Mobile emulator test
23/02/23 04:17:21 PM Thursday - <module> - INFO : Lunching Mobile emulator test
23/02/23 04:17:24 PM Thursday - BasePage - INFO : Element found with LocatorType: class with the locatorValue :android.widget.TextView
23/02/23 04:17:25 PM Thursday - BasePage - INFO : Clicked on Element with LocatorType: class and with the locatorValue :android.widget.TextView
23/02/23 04:19:44 PM Thursday - <module> - INFO : Lunching Mobile emulator test
23/02/23 04:19:45 PM Thursday - BasePage - INFO : Element found with LocatorType: class with the locatorValue :android.widget.TextView
23/02/23 04:19:45 PM Thursday - BasePage - INFO : Clicked on Element with LocatorType: class and with the locatorValue :android.widget.TextView
23/02/23 04:24:05 PM Thursday - <module> - INFO : Lunching Mobile emulator test
23/02/23 04:24:06 PM Thursday - BasePage - INFO : Screenshot save to Path : ../screenshots/mobilescreenshoot_23_02_23_16_24_05.png
23/02/23 04:24:32 PM Thursday - BasePage - INFO : Element not found with LocatorType: class and with the locatorValue :android.widget.TextView
23/02/23 04:24:32 PM Thursday - BasePage - INFO : Unable to click on Element with LocatorType: class and with the locatorValue :android.widget.TextView
23/02/23 04:26:27 PM Thursday - <module> - INFO : Lunching Mobile emulator test
23/02/23 04:26:28 PM Thursday - BasePage - INFO : Screenshot save to Path : ../Screenshots/mobilescreenshoot_23_02_23_16_26_27.png
23/02/23 04:26:28 PM Thursday - BasePage - INFO : Element found with LocatorType: class with the locatorValue :android.widget.TextView
23/02/23 04:26:28 PM Thursday - BasePage - INFO : Clicked on Element with LocatorType: class and with the locatorValue :android.widget.TextView
23/02/23 04:37:34 PM Thursday - <module> - INFO : Lunching Mobile emulator test
23/02/23 04:37:35 PM Thursday - BasePage - INFO : Screenshot save to Path : ../Screenshots/mobilescreenshoot_23_02_23_16_37_34.png
23/02/23 04:37:35 PM Thursday - BasePage - INFO : Element found with LocatorType: class with the locatorValue :android.widget.TextView
23/02/23 04:37:36 PM Thursday - BasePage - INFO : Clicked on Element with LocatorType: class and with the locatorValue :android.widget.TextView
23/02/23 07:07:43 PM Thursday - <module> - INFO : -----------Starting Click Search Bar Test ------------- 
23/02/23 07:10:19 PM Thursday - <module> - INFO : -----------Starting Click Search Bar Test ------------- 
23/02/23 07:11:16 PM Thursday - <module> - INFO : -----------Starting Click Search Bar Test ------------- 
23/02/23 07:11:55 PM Thursday - <module> - INFO : -----------Starting Click Search Bar Test ------------- 
23/02/23 07:28:35 PM Thursday - <module> - INFO : -----------Starting Click Search Bar Test ------------- 
23/02/23 07:32:52 PM Thursday - <module> - INFO : -----------Starting Click Search Bar Test ------------- 
23/02/23 07:32:53 PM Thursday - <module> - INFO : -----------Starting Click Search Bar Test ------------- 
23/02/23 07:36:23 PM Thursday - <module> - INFO : -----------Starting Click Search Bar Test ------------- 
23/02/23 07:36:23 PM Thursday - <module> - INFO : -----------Starting Click Search Bar Test ------------- 
23/02/23 07:43:11 PM Thursday - <module> - INFO : -----------Starting Click Search Bar Test ------------- 
23/02/23 07:43:11 PM Thursday - <module> - INFO : -----------Starting Click Search Bar Test ------------- 
25/02/23 02:50:51 PM Saturday - <module> - INFO : -----------Starting Click Search Bar Test ------------- 
25/02/23 02:50:51 PM Saturday - <module> - INFO : -----------Starting Click Search Bar Test ------------- 
