10/06/2021 05:19:15 PM: INFO: 

10/06/2021 05:19:15 PM: INFO: ====== WebDriver manager ======
10/06/2021 05:19:15 PM: INFO: Current google-chrome version is 94.0.4606
10/06/2021 05:19:15 PM: INFO: Get LATEST driver version for 94.0.4606
10/06/2021 05:19:15 PM: INFO: Driver [C:\Users\Ulisses Da Silva\.wdm\drivers\chromedriver\win32\94.0.4606.61\chromedriver.exe] found in cache
10/06/2021 05:19:39 PM: INFO: 

10/06/2021 05:19:39 PM: INFO: ====== WebDriver manager ======
10/06/2021 05:19:39 PM: INFO: Current google-chrome version is 94.0.4606
10/06/2021 05:19:39 PM: INFO: Get LATEST driver version for 94.0.4606
10/06/2021 05:19:39 PM: INFO: Driver [C:\Users\Ulisses Da Silva\.wdm\drivers\chromedriver\win32\94.0.4606.61\chromedriver.exe] found in cache
10/09/2021 01:06:30 PM: INFO: Created download root directory: C:\Users\Ulisses Da Silva\AppData\Local\rasjani\WebDriverManager
10/09/2021 01:06:30 PM: INFO: Created symlink directory: C:\Users\Ulisses Da Silva\AppData\Local\rasjani\WebDriverManager\bin
10/09/2021 01:08:42 PM: INFO: 

10/09/2021 01:08:42 PM: INFO: ====== WebDriver manager ======
10/09/2021 01:08:42 PM: INFO: Current google-chrome version is 94.0.4606
10/09/2021 01:08:42 PM: INFO: Get LATEST driver version for 94.0.4606
10/09/2021 01:08:42 PM: INFO: Driver [C:\Users\Ulisses Da Silva\.wdm\drivers\chromedriver\win32\94.0.4606.61\chromedriver.exe] found in cache
10/09/2021 01:13:45 PM: INFO: 

10/09/2021 01:13:45 PM: INFO: ====== WebDriver manager ======
10/09/2021 01:13:45 PM: INFO: Current google-chrome version is 94.0.4606
10/09/2021 01:13:45 PM: INFO: Get LATEST driver version for 94.0.4606
10/09/2021 01:13:46 PM: INFO: Driver [C:\Users\Ulisses Da Silva\.wdm\drivers\chromedriver\win32\94.0.4606.61\chromedriver.exe] found in cache
10/09/2021 01:14:41 PM: INFO: 

10/09/2021 01:14:41 PM: INFO: ====== WebDriver manager ======
10/09/2021 01:14:41 PM: INFO: Current google-chrome version is 94.0.4606
10/09/2021 01:14:41 PM: INFO: Get LATEST driver version for 94.0.4606
10/09/2021 01:14:41 PM: INFO: Driver [C:\Users\Ulisses Da Silva\.wdm\drivers\chromedriver\win32\94.0.4606.61\chromedriver.exe] found in cache
10/09/2021 01:16:13 PM: INFO: 

10/09/2021 01:16:13 PM: INFO: ====== WebDriver manager ======
10/09/2021 01:16:13 PM: INFO: Current google-chrome version is 94.0.4606
10/09/2021 01:16:13 PM: INFO: Get LATEST driver version for 94.0.4606
10/09/2021 01:16:13 PM: INFO: Driver [C:\Users\Ulisses Da Silva\.wdm\drivers\chromedriver\win32\94.0.4606.61\chromedriver.exe] found in cache
10/09/2021 01:25:43 PM: INFO: 

10/09/2021 01:25:43 PM: INFO: ====== WebDriver manager ======
10/09/2021 01:25:43 PM: INFO: Current google-chrome version is 94.0.4606
10/09/2021 01:25:43 PM: INFO: Get LATEST driver version for 94.0.4606
10/09/2021 01:25:43 PM: INFO: Driver [C:\Users\Ulisses Da Silva\.wdm\drivers\chromedriver\win32\94.0.4606.61\chromedriver.exe] found in cache
10/09/2021 01:26:26 PM: INFO: 

10/09/2021 01:26:26 PM: INFO: ====== WebDriver manager ======
10/09/2021 01:26:26 PM: INFO: Current google-chrome version is 94.0.4606
10/09/2021 01:26:26 PM: INFO: Get LATEST driver version for 94.0.4606
10/09/2021 01:26:26 PM: INFO: Driver [C:\Users\Ulisses Da Silva\.wdm\drivers\chromedriver\win32\94.0.4606.61\chromedriver.exe] found in cache
10/09/2021 01:27:32 PM: INFO: 

10/09/2021 01:27:32 PM: INFO: ====== WebDriver manager ======
10/09/2021 01:27:32 PM: INFO: Current google-chrome version is 94.0.4606
10/09/2021 01:27:32 PM: INFO: Get LATEST driver version for 94.0.4606
10/09/2021 01:27:32 PM: INFO: Driver [C:\Users\Ulisses Da Silva\.wdm\drivers\chromedriver\win32\94.0.4606.61\chromedriver.exe] found in cache
10/09/2021 01:28:32 PM: INFO: 

10/09/2021 01:28:32 PM: INFO: ====== WebDriver manager ======
10/09/2021 01:28:33 PM: INFO: Current google-chrome version is 94.0.4606
10/09/2021 01:28:33 PM: INFO: Get LATEST driver version for 94.0.4606
10/09/2021 01:28:35 PM: INFO: Driver [C:\Users\Ulisses Da Silva\.wdm\drivers\chromedriver\win32\94.0.4606.61\chromedriver.exe] found in cache
10/09/2021 01:30:08 PM: INFO: 

10/09/2021 01:30:08 PM: INFO: ====== WebDriver manager ======
10/09/2021 01:30:08 PM: INFO: Current google-chrome version is 94.0.4606
10/09/2021 01:30:08 PM: INFO: Get LATEST driver version for 94.0.4606
10/09/2021 01:30:09 PM: INFO: Driver [C:\Users\Ulisses Da Silva\.wdm\drivers\chromedriver\win32\94.0.4606.61\chromedriver.exe] found in cache
10/09/2021 01:30:51 PM: INFO: 

10/09/2021 01:30:51 PM: INFO: ====== WebDriver manager ======
10/09/2021 01:30:51 PM: INFO: Current google-chrome version is 94.0.4606
10/09/2021 01:30:51 PM: INFO: Get LATEST driver version for 94.0.4606
10/09/2021 01:30:52 PM: INFO: Driver [C:\Users\Ulisses Da Silva\.wdm\drivers\chromedriver\win32\94.0.4606.61\chromedriver.exe] found in cache
10/09/2021 01:34:09 PM: INFO: 

10/09/2021 01:34:09 PM: INFO: ====== WebDriver manager ======
10/09/2021 01:34:09 PM: INFO: Current google-chrome version is 94.0.4606
10/09/2021 01:34:09 PM: INFO: Get LATEST driver version for 94.0.4606
10/09/2021 01:34:09 PM: INFO: Driver [C:\Users\Ulisses Da Silva\.wdm\drivers\chromedriver\win32\94.0.4606.61\chromedriver.exe] found in cache
10/09/2021 01:35:02 PM: INFO: 

10/09/2021 01:35:02 PM: INFO: ====== WebDriver manager ======
10/09/2021 01:35:02 PM: INFO: Current google-chrome version is 94.0.4606
10/09/2021 01:35:02 PM: INFO: Get LATEST driver version for 94.0.4606
10/09/2021 01:35:02 PM: INFO: Driver [C:\Users\Ulisses Da Silva\.wdm\drivers\chromedriver\win32\94.0.4606.61\chromedriver.exe] found in cache
10/09/2021 01:36:30 PM: INFO: 

10/09/2021 01:36:30 PM: INFO: ====== WebDriver manager ======
10/09/2021 01:36:30 PM: INFO: Current google-chrome version is 94.0.4606
10/09/2021 01:36:30 PM: INFO: Get LATEST driver version for 94.0.4606
10/09/2021 01:36:31 PM: INFO: Driver [C:\Users\Ulisses Da Silva\.wdm\drivers\chromedriver\win32\94.0.4606.61\chromedriver.exe] found in cache
10/09/2021 01:37:45 PM: INFO: 

10/09/2021 01:37:45 PM: INFO: ====== WebDriver manager ======
10/09/2021 01:37:45 PM: INFO: Current google-chrome version is 94.0.4606
10/09/2021 01:37:45 PM: INFO: Get LATEST driver version for 94.0.4606
10/09/2021 01:37:46 PM: INFO: Driver [C:\Users\Ulisses Da Silva\.wdm\drivers\chromedriver\win32\94.0.4606.61\chromedriver.exe] found in cache
10/09/2021 01:39:47 PM: INFO: 

10/09/2021 01:39:47 PM: INFO: ====== WebDriver manager ======
10/09/2021 01:39:47 PM: INFO: Current google-chrome version is 94.0.4606
10/09/2021 01:39:47 PM: INFO: Get LATEST driver version for 94.0.4606
10/09/2021 01:39:47 PM: INFO: Driver [C:\Users\Ulisses Da Silva\.wdm\drivers\chromedriver\win32\94.0.4606.61\chromedriver.exe] found in cache
12/26/2021 04:39:55 PM - Test_001_Login - INFO: ****Started Login Test****
12/26/2021 04:49:10 PM - Test_001_Login - INFO: ****Started Login Test****
12/26/2021 04:50:00 PM - Test_001_Login - INFO: ****Started Login Test****
12/26/2021 04:52:40 PM - Test_001_Login - INFO: ****Started Login Test****
12/26/2021 04:54:59 PM - Test_001_Login - INFO: ****Started Login Test**** ====== WebDriver manager ======Current google-chrome version is 94.0.4606Get LATEST driver version for 94.0.4606
12/26/2021 04:57:39 PM - Test_001_Login - INFO:  ====== WebDriver manager ======
12/26/2021 04:57:39 PM - Test_001_Login - INFO: Current google-chrome version is 94.0.4606
12/26/2021 04:57:39 PM - Test_001_Login - INFO: Get LATEST driver version for 94.0.4606
12/26/2021 04:57:39 PM - Test_001_Login - INFO: ****Started Login Test****
12/29/2021 08:53:17 AM - Test_001_Login - INFO:  ====== WebDriver manager ======
12/29/2021 08:53:17 AM - Test_001_Login - INFO: Current google-chrome version is 94.0.4606
12/29/2021 08:53:17 AM - Test_001_Login - INFO: Get LATEST driver version for 94.0.4606
12/29/2021 08:53:17 AM - Test_001_Login - INFO: ****Started Login Test****
12/30/2021 09:25:28 AM - Test_001_Login - INFO:  ====== WebDriver manager ======
12/30/2021 09:25:28 AM - Test_001_Login - INFO: Current google-chrome version is 94.0.4606
12/30/2021 09:25:28 AM - Test_001_Login - INFO: Get LATEST driver version for 94.0.4606
12/30/2021 09:25:28 AM - Test_001_Login - INFO: ****Started Login Test****
12/30/2021 10:07:38 AM - Test_001_Login - INFO:  ====== WebDriver manager ======
12/30/2021 10:07:38 AM - Test_001_Login - INFO: Current google-chrome version is 94.0.4606
12/30/2021 10:07:38 AM - Test_001_Login - INFO: Get LATEST driver version for 94.0.4606
12/30/2021 10:07:38 AM - Test_001_Login - INFO: ****Started Login Test****
01/04/2022 10:29:15 AM - Test_001_Login - INFO:  ====== WebDriver manager ======
01/04/2022 10:29:15 AM - Test_001_Login - INFO: Current google-chrome version is 94.0.4606
01/04/2022 10:29:15 AM - Test_001_Login - INFO: Get LATEST driver version for 94.0.4606
01/04/2022 10:29:15 AM - Test_001_Login - INFO: ****Started Login Test****
01/06/2022 02:44:09 PM - Test_001_Login - INFO:  ====== WebDriver manager ======
01/06/2022 02:44:09 PM - Test_001_Login - INFO: Current google-chrome version is 94.0.4606
01/06/2022 02:44:09 PM - Test_001_Login - INFO: Get LATEST driver version for 94.0.4606
01/06/2022 02:44:09 PM - Test_001_Login - INFO: ****Started Login Test****
01/06/2022 02:44:36 PM - Test_001_Login - INFO:  ====== WebDriver manager ======
01/06/2022 02:44:36 PM - Test_001_Login - INFO: Current google-chrome version is 94.0.4606
01/06/2022 02:44:36 PM - Test_001_Login - INFO: Get LATEST driver version for 94.0.4606
01/06/2022 02:44:36 PM - Test_001_Login - INFO: ****Started Login Test****
01/06/2022 02:45:14 PM - Test_001_Login - INFO:  ====== WebDriver manager ======
01/06/2022 02:45:14 PM - Test_001_Login - INFO: Current google-chrome version is 94.0.4606
01/06/2022 02:45:14 PM - Test_001_Login - INFO: Get LATEST driver version for 94.0.4606
01/06/2022 02:45:14 PM - Test_001_Login - INFO: ****Started Login Test****
01/06/2022 03:34:17 PM - Test_001_Login - INFO:  ====== WebDriver manager ======
01/06/2022 03:34:17 PM - Test_001_Login - INFO: Current google-chrome version is 94.0.4606
01/06/2022 03:34:17 PM - Test_001_Login - INFO: Get LATEST driver version for 94.0.4606
01/06/2022 03:34:17 PM - Test_001_Login - INFO: ****Started Login Test****
01/06/2022 05:47:00 PM - Test_001_Login - INFO:  ====== WebDriver manager ======
01/06/2022 05:47:00 PM - Test_001_Login - INFO: Current google-chrome version is 94.0.4606
01/06/2022 05:47:00 PM - Test_001_Login - INFO: Get LATEST driver version for 94.0.4606
01/06/2022 05:47:00 PM - Test_001_Login - INFO: ****Started Login Test****
01/07/2022 11:21:02 AM - Test_001_Login - INFO:  ====== WebDriver manager ======
01/07/2022 11:21:02 AM - Test_001_Login - INFO: Current google-chrome version is 94.0.4606
01/07/2022 11:21:02 AM - Test_001_Login - INFO: Get LATEST driver version for 94.0.4606
01/07/2022 11:21:02 AM - Test_001_Login - INFO: ****Started Login Test****
01/08/2022 12:51:34 PM - Test_001_Login - INFO:  ====== WebDriver manager ======
01/08/2022 12:51:34 PM - Test_001_Login - INFO: Current google-chrome version is 94.0.4606
01/08/2022 12:51:34 PM - Test_001_Login - INFO: Get LATEST driver version for 94.0.4606
01/08/2022 12:51:34 PM - Test_001_Login - INFO: ****Started Login Test****
01/10/2022 03:50:37 PM - Test_001_Login - INFO:  ====== WebDriver manager ======
01/10/2022 03:50:37 PM - Test_001_Login - INFO: Current google-chrome version is 94.0.4606
01/10/2022 03:50:37 PM - Test_001_Login - INFO: Get LATEST driver version for 94.0.4606
01/10/2022 03:50:37 PM - Test_001_Login - INFO: ****Started Login Test****
01/10/2022 03:50:58 PM - Test_001_Login - INFO: ****Finished Login Test****
01/11/2022 03:42:01 PM - Test_001_Login - INFO:  ====== WebDriver manager ======
01/11/2022 03:42:01 PM - Test_001_Login - INFO: Current google-chrome version is 94.0.4606
01/11/2022 03:42:01 PM - Test_001_Login - INFO: Get LATEST driver version for 94.0.4606
01/11/2022 03:42:01 PM - Test_001_Login - INFO: ****Started Login Test****
01/11/2022 03:42:07 PM - Test_001_Login - INFO: ****Finished Login Test****
01/11/2022 03:47:12 PM - Test_001_Login - INFO:  ====== WebDriver manager ======
01/11/2022 03:47:12 PM - Test_001_Login - INFO: Current google-chrome version is 94.0.4606
01/11/2022 03:47:12 PM - Test_001_Login - INFO: Get LATEST driver version for 94.0.4606
01/11/2022 03:47:12 PM - Test_001_Login - INFO: ****Started Login Test****
01/11/2022 03:47:18 PM - Test_001_Login - INFO: ****Finished Login Test****
01/11/2022 03:50:42 PM - Test_001_Login - INFO:  ====== WebDriver manager ======
01/11/2022 03:50:42 PM - Test_001_Login - INFO: Current google-chrome version is 94.0.4606
01/11/2022 03:50:42 PM - Test_001_Login - INFO: Get LATEST driver version for 94.0.4606
01/11/2022 03:50:42 PM - Test_001_Login - INFO: ****Started Login Test****
01/11/2022 03:50:53 PM - Test_001_Login - INFO: ****Finished Login Test****
01/11/2022 03:53:05 PM - Test_001_Login - INFO:  ====== WebDriver manager ======
01/11/2022 03:53:05 PM - Test_001_Login - INFO: Current google-chrome version is 94.0.4606
01/11/2022 03:53:05 PM - Test_001_Login - INFO: Get LATEST driver version for 94.0.4606
01/11/2022 03:53:05 PM - Test_001_Login - INFO: ****Started Login Test****
01/11/2022 03:53:13 PM - Test_001_Login - INFO: ****Finished Login Test****
01/11/2022 03:57:07 PM - Test_001_Login - INFO:  ====== WebDriver manager ======
01/11/2022 03:57:07 PM - Test_001_Login - INFO: Current google-chrome version is 94.0.4606
01/11/2022 03:57:07 PM - Test_001_Login - INFO: Get LATEST driver version for 94.0.4606
01/11/2022 03:57:07 PM - Test_001_Login - INFO: ****Started Login Test****
01/11/2022 03:57:14 PM - Test_001_Login - INFO: ****Finished Login Test****
01/11/2022 04:01:26 PM - Test_001_Login - INFO:  ====== WebDriver manager ======
01/11/2022 04:01:26 PM - Test_001_Login - INFO: Current google-chrome version is 94.0.4606
01/11/2022 04:01:26 PM - Test_001_Login - INFO: Get LATEST driver version for 94.0.4606
01/11/2022 04:01:26 PM - Test_001_Login - INFO: ****Started Login Test****
01/11/2022 04:01:33 PM - Test_001_Login - INFO: ****Finished Login Test****
01/11/2022 04:10:28 PM - Test_001_Login - INFO:  ====== WebDriver manager ======
01/11/2022 04:10:28 PM - Test_001_Login - INFO: Current google-chrome version is 94.0.4606
01/11/2022 04:10:28 PM - Test_001_Login - INFO: Get LATEST driver version for 94.0.4606
01/11/2022 04:10:28 PM - Test_001_Login - INFO: ****Started Login Test****
01/11/2022 04:10:34 PM - Test_001_Login - INFO: ****Finished Login Test****
