25/02/23 03:03:56 PM Saturday - <module> - INFO : -----------Starting  Mobile Click Search Bar Test ------------- 
25/02/23 03:03:56 PM Saturday - <module> - INFO : -----------Starting  Mobile Click Search Bar Test ------------- 
28/02/23 12:52:39 PM Tuesday - <module> - INFO : -----------Starting  Mobile Click Search Bar Test ------------- 
28/02/23 12:52:39 PM Tuesday - <module> - INFO : -----------Starting  Mobile Click Search Bar Test ------------- 
28/02/23 12:54:26 PM Tuesday - <module> - INFO : -----------Starting  Mobile Click Search Bar Test ------------- 
28/02/23 12:54:26 PM Tuesday - <module> - INFO : -----------Starting  Mobile Click Search Bar Test ------------- 
28/02/23 12:55:10 PM Tuesday - <module> - INFO : -----------Starting  Mobile Click Search Bar Test ------------- 
28/02/23 12:56:31 PM Tuesday - <module> - INFO : -----------Starting  Mobile Click Search Bar Test ------------- 
28/02/23 12:57:21 PM Tuesday - <module> - INFO : -----------Starting  Mobile Click Search Bar Test ------------- 
28/02/23 01:00:10 PM Tuesday - <module> - INFO : -----------Starting  Mobile Click Search Bar Test ------------- 
28/02/23 01:01:34 PM Tuesday - <module> - INFO : -----------Starting  Mobile Click Search Bar Test ------------- 
28/02/23 01:06:48 PM Tuesday - <module> - INFO : -----------Starting  Mobile Click Search Bar Test ------------- 
28/02/23 01:07:32 PM Tuesday - <module> - INFO : -----------Starting  Mobile Click Search Bar Test ------------- 
28/02/23 03:25:49 PM Tuesday - <module> - INFO : ----------- TEST Starting  Mobile Click Search Bar Test ------------- 
01/03/23 02:20:57 PM Wednesday - <module> - INFO : ----------- TEST Starting  Mobile Click Search Bar Test ------------- 
01/03/23 02:24:54 PM Wednesday - <module> - INFO : ----------- TEST Starting  Mobile Click Search Bar Test ------------- 
02/03/23 09:47:38 AM Thursday - <module> - INFO : ----------- TEST Starting  Mobile Click Search Bar Test ------------- 
02/03/23 11:40:16 AM Thursday - <module> - INFO : ----------- TEST Starting  Mobile Click Search Bar Test ------------- 
02/03/23 01:52:36 PM Thursday - <module> - INFO : ----------- TEST Starting  Mobile Click Search Bar Test ------------- 
02/03/23 02:34:20 PM Thursday - <module> - INFO : ----------- TEST Starting  Mobile Click Search Bar Test ------------- 
03/03/23 08:33:38 AM Friday - <module> - INFO : ----------- TEST Starting  Mobile Click Search Bar Test ------------- 
03/03/23 08:36:52 AM Friday - <module> - INFO : ----------- UK_TALENT_HUB - Starting  Mobile Click Search Bar Test ------------- 
03/03/23 12:21:30 PM Friday - <module> - INFO : ----------- UK_TALENT_HUB - Starting  Mobile Click Search Bar Test ------------- 
